2026-01-25 01:05:14,266 INFO  [restartedMain] com.visionrent.VisionrentApplication:Starting VisionrentApplication using Java 17.0.12 with PID 18352 (C:\Users\Administrator\visionrent\target\classes started by Administrator in C:\Users\Administrator\visionrent)
2026-01-25 01:05:14,269 INFO  [restartedMain] com.visionrent.VisionrentApplication:No active profile set, falling back to 1 default profile: "default"
2026-01-25 01:05:14,297 INFO  [restartedMain] org.springframework.boot.devtools.env.DevToolsPropertyDefaultsPostProcessor:Devtools property defaults active! Set 'spring.devtools.add-properties' to 'false' to disable
2026-01-25 01:05:14,297 INFO  [restartedMain] org.springframework.boot.devtools.env.DevToolsPropertyDefaultsPostProcessor:For additional web related logging consider setting the 'logging.level.web' property to 'DEBUG'
2026-01-25 01:05:14,923 INFO  [restartedMain] org.springframework.data.repository.config.RepositoryConfigurationDelegate:Bootstrapping Spring Data JPA repositories in DEFAULT mode.
2026-01-25 01:05:14,966 INFO  [restartedMain] org.springframework.data.repository.config.RepositoryConfigurationDelegate:Finished Spring Data repository scanning in 35 ms. Found 3 JPA repository interfaces.
2026-01-25 01:05:15,437 INFO  [restartedMain] org.springframework.boot.web.embedded.tomcat.TomcatWebServer:Tomcat initialized with port 8080 (http)
2026-01-25 01:05:15,445 INFO  [restartedMain] org.apache.catalina.core.StandardService:Starting service [Tomcat]
2026-01-25 01:05:15,445 INFO  [restartedMain] org.apache.catalina.core.StandardEngine:Starting Servlet engine: [Apache Tomcat/10.1.30]
2026-01-25 01:05:15,477 INFO  [restartedMain] org.apache.catalina.core.ContainerBase.[Tomcat].[localhost].[/]:Initializing Spring embedded WebApplicationContext
2026-01-25 01:05:15,478 INFO  [restartedMain] org.springframework.boot.web.servlet.context.ServletWebServerApplicationContext:Root WebApplicationContext: initialization completed in 1180 ms
2026-01-25 01:05:15,638 INFO  [restartedMain] org.hibernate.jpa.internal.util.LogHelper:HHH000204: Processing PersistenceUnitInfo [name: default]
2026-01-25 01:05:15,680 INFO  [restartedMain] org.hibernate.Version:HHH000412: Hibernate ORM core version 6.5.3.Final
2026-01-25 01:05:15,700 INFO  [restartedMain] org.hibernate.cache.internal.RegionFactoryInitiator:HHH000026: Second-level cache disabled
2026-01-25 01:05:15,877 INFO  [restartedMain] org.springframework.orm.jpa.persistenceunit.SpringPersistenceUnitInfo:No LoadTimeWeaver setup: ignoring JPA class transformer
2026-01-25 01:05:15,894 INFO  [restartedMain] com.zaxxer.hikari.HikariDataSource:HikariPool-1 - Starting...
2026-01-25 01:05:15,987 INFO  [restartedMain] com.zaxxer.hikari.pool.HikariPool:HikariPool-1 - Added connection org.postgresql.jdbc.PgConnection@5bfeb43e
2026-01-25 01:05:15,988 INFO  [restartedMain] com.zaxxer.hikari.HikariDataSource:HikariPool-1 - Start completed.
2026-01-25 01:05:16,007 WARN  [restartedMain] org.hibernate.orm.deprecation:HHH90000025: PostgreSQLDialect does not need to be specified explicitly using 'hibernate.dialect' (remove the property setting and it will be selected by default)
2026-01-25 01:05:16,590 INFO  [restartedMain] org.hibernate.engine.transaction.jta.platform.internal.JtaPlatformInitiator:HHH000489: No JTA platform available (set 'hibernate.transaction.jta.platform' to enable JTA platform integration)
2026-01-25 01:05:16,637 INFO  [restartedMain] org.springframework.orm.jpa.LocalContainerEntityManagerFactoryBean:Initialized JPA EntityManagerFactory for persistence unit 'default'
2026-01-25 01:05:16,922 INFO  [restartedMain] org.springframework.security.config.annotation.authentication.configuration.InitializeUserDetailsBeanManagerConfigurer$InitializeUserDetailsManagerConfigurer:Global AuthenticationManager configured with UserDetailsService bean with name userDetailsServiceImpl
2026-01-25 01:05:17,014 WARN  [restartedMain] org.springframework.boot.autoconfigure.orm.jpa.JpaBaseConfiguration$JpaWebConfiguration:spring.jpa.open-in-view is enabled by default. Therefore, database queries may be performed during view rendering. Explicitly configure spring.jpa.open-in-view to disable this warning
2026-01-25 01:05:17,355 INFO  [restartedMain] org.springframework.boot.actuate.endpoint.web.EndpointLinksResolver:Exposing 16 endpoints beneath base path '/actuator'
2026-01-25 01:05:17,700 WARN  [restartedMain] org.springframework.security.config.annotation.web.builders.WebSecurity:You are asking Spring Security to ignore Deferred [Mvc [pattern='/v3/api-docs/**'], Ant [pattern='/v3/api-docs/**']]. This is not recommended -- please use permitAll via HttpSecurity#authorizeHttpRequests instead.
2026-01-25 01:05:17,700 WARN  [restartedMain] org.springframework.security.config.annotation.web.builders.WebSecurity:You are asking Spring Security to ignore Deferred [Mvc [pattern='/swagger-ui/**'], Ant [pattern='/swagger-ui/**']]. This is not recommended -- please use permitAll via HttpSecurity#authorizeHttpRequests instead.
2026-01-25 01:05:17,700 WARN  [restartedMain] org.springframework.security.config.annotation.web.builders.WebSecurity:You are asking Spring Security to ignore Deferred [Mvc [pattern='/'], Ant [pattern='/']]. This is not recommended -- please use permitAll via HttpSecurity#authorizeHttpRequests instead.
2026-01-25 01:05:17,700 WARN  [restartedMain] org.springframework.security.config.annotation.web.builders.WebSecurity:You are asking Spring Security to ignore Deferred [Mvc [pattern='/index.html'], Ant [pattern='/index.html']]. This is not recommended -- please use permitAll via HttpSecurity#authorizeHttpRequests instead.
2026-01-25 01:05:17,700 WARN  [restartedMain] org.springframework.security.config.annotation.web.builders.WebSecurity:You are asking Spring Security to ignore Deferred [Mvc [pattern='/images/**'], Ant [pattern='/images/**']]. This is not recommended -- please use permitAll via HttpSecurity#authorizeHttpRequests instead.
2026-01-25 01:05:17,700 WARN  [restartedMain] org.springframework.security.config.annotation.web.builders.WebSecurity:You are asking Spring Security to ignore Deferred [Mvc [pattern='/css/**'], Ant [pattern='/css/**']]. This is not recommended -- please use permitAll via HttpSecurity#authorizeHttpRequests instead.
2026-01-25 01:05:17,700 WARN  [restartedMain] org.springframework.security.config.annotation.web.builders.WebSecurity:You are asking Spring Security to ignore Deferred [Mvc [pattern='/js/**'], Ant [pattern='/js/**']]. This is not recommended -- please use permitAll via HttpSecurity#authorizeHttpRequests instead.
2026-01-25 01:05:17,735 INFO  [restartedMain] org.springframework.boot.devtools.autoconfigure.OptionalLiveReloadServer:LiveReload server is running on port 35729
2026-01-25 01:05:17,779 INFO  [restartedMain] org.springframework.boot.web.embedded.tomcat.TomcatWebServer:Tomcat started on port 8080 (http) with context path '/'
2026-01-25 01:05:17,791 INFO  [restartedMain] com.visionrent.VisionrentApplication:Started VisionrentApplication in 3.801 seconds (process running for 4.318)
2026-01-25 01:05:17,881 INFO  [RMI TCP Connection(3)-192.168.1.168] org.apache.catalina.core.ContainerBase.[Tomcat].[localhost].[/]:Initializing Spring DispatcherServlet 'dispatcherServlet'
2026-01-25 01:13:41,304 ERROR [http-nio-8080-exec-7] com.visionrent.exception.VisionRentExceptionHandler:Bad credentials
2026-01-25 01:13:41,316 WARN  [http-nio-8080-exec-7] org.springframework.web.servlet.mvc.method.annotation.ExceptionHandlerExceptionResolver:Resolved [org.springframework.security.authentication.BadCredentialsException: Bad credentials]
2026-01-25 01:13:46,836 ERROR [http-nio-8080-exec-10] com.visionrent.exception.VisionRentExceptionHandler:Bad credentials
2026-01-25 01:13:46,837 WARN  [http-nio-8080-exec-10] org.springframework.web.servlet.mvc.method.annotation.ExceptionHandlerExceptionResolver:Resolved [org.springframework.security.authentication.BadCredentialsException: Bad credentials]
2026-01-25 01:14:00,854 ERROR [http-nio-8080-exec-9] com.visionrent.exception.VisionRentExceptionHandler:Bad credentials
2026-01-25 01:14:00,855 WARN  [http-nio-8080-exec-9] org.springframework.web.servlet.mvc.method.annotation.ExceptionHandlerExceptionResolver:Resolved [org.springframework.security.authentication.BadCredentialsException: Bad credentials]
2026-01-25 01:14:05,015 ERROR [http-nio-8080-exec-2] com.visionrent.exception.VisionRentExceptionHandler:Bad credentials
2026-01-25 01:14:05,016 WARN  [http-nio-8080-exec-2] org.springframework.web.servlet.mvc.method.annotation.ExceptionHandlerExceptionResolver:Resolved [org.springframework.security.authentication.BadCredentialsException: Bad credentials]
2026-01-25 01:14:09,285 ERROR [http-nio-8080-exec-3] com.visionrent.exception.VisionRentExceptionHandler:Bad credentials
2026-01-25 01:14:09,286 WARN  [http-nio-8080-exec-3] org.springframework.web.servlet.mvc.method.annotation.ExceptionHandlerExceptionResolver:Resolved [org.springframework.security.authentication.BadCredentialsException: Bad credentials]
2026-01-25 01:15:36,043 WARN  [http-nio-8080-exec-5] org.springframework.web.servlet.mvc.method.annotation.ExceptionHandlerExceptionResolver:Resolved [org.springframework.web.servlet.resource.NoResourceFoundException: No static resource auth/all.]
2026-01-25 01:19:22,101 INFO  [File Watcher] org.springframework.boot.devtools.autoconfigure.LocalDevToolsAutoConfiguration$RestartingClassPathChangeChangedEventListener:Restarting due to 1 class path change (0 additions, 1 deletion, 0 modifications)
2026-01-25 01:19:22,162 INFO  [Thread-5] org.springframework.orm.jpa.LocalContainerEntityManagerFactoryBean:Closing JPA EntityManagerFactory for persistence unit 'default'
2026-01-25 01:19:22,165 INFO  [Thread-5] com.zaxxer.hikari.HikariDataSource:HikariPool-1 - Shutdown initiated...
2026-01-25 01:19:22,167 INFO  [Thread-5] com.zaxxer.hikari.HikariDataSource:HikariPool-1 - Shutdown completed.
2026-01-25 01:19:22,213 INFO  [restartedMain] com.visionrent.VisionrentApplication:Starting VisionrentApplication using Java 17.0.12 with PID 18352 (C:\Users\Administrator\visionrent\target\classes started by Administrator in C:\Users\Administrator\visionrent)
2026-01-25 01:19:22,214 INFO  [restartedMain] com.visionrent.VisionrentApplication:No active profile set, falling back to 1 default profile: "default"
2026-01-25 01:19:22,429 INFO  [restartedMain] org.springframework.data.repository.config.RepositoryConfigurationDelegate:Bootstrapping Spring Data JPA repositories in DEFAULT mode.
2026-01-25 01:19:22,440 INFO  [restartedMain] org.springframework.data.repository.config.RepositoryConfigurationDelegate:Finished Spring Data repository scanning in 11 ms. Found 3 JPA repository interfaces.
2026-01-25 01:19:22,546 INFO  [restartedMain] org.springframework.boot.web.embedded.tomcat.TomcatWebServer:Tomcat initialized with port 8080 (http)
2026-01-25 01:19:22,547 INFO  [restartedMain] org.apache.catalina.core.StandardService:Starting service [Tomcat]
2026-01-25 01:19:22,547 INFO  [restartedMain] org.apache.catalina.core.StandardEngine:Starting Servlet engine: [Apache Tomcat/10.1.30]
2026-01-25 01:19:22,561 INFO  [restartedMain] org.apache.catalina.core.ContainerBase.[Tomcat].[localhost].[/]:Initializing Spring embedded WebApplicationContext
2026-01-25 01:19:22,561 INFO  [restartedMain] org.springframework.boot.web.servlet.context.ServletWebServerApplicationContext:Root WebApplicationContext: initialization completed in 346 ms
2026-01-25 01:19:22,639 INFO  [restartedMain] org.hibernate.jpa.internal.util.LogHelper:HHH000204: Processing PersistenceUnitInfo [name: default]
2026-01-25 01:19:22,641 INFO  [restartedMain] org.hibernate.cache.internal.RegionFactoryInitiator:HHH000026: Second-level cache disabled
2026-01-25 01:19:22,647 INFO  [restartedMain] org.springframework.orm.jpa.persistenceunit.SpringPersistenceUnitInfo:No LoadTimeWeaver setup: ignoring JPA class transformer
2026-01-25 01:19:22,648 INFO  [restartedMain] com.zaxxer.hikari.HikariDataSource:HikariPool-2 - Starting...
2026-01-25 01:19:22,676 INFO  [restartedMain] com.zaxxer.hikari.pool.HikariPool:HikariPool-2 - Added connection org.postgresql.jdbc.PgConnection@79843077
2026-01-25 01:19:22,677 INFO  [restartedMain] com.zaxxer.hikari.HikariDataSource:HikariPool-2 - Start completed.
2026-01-25 01:19:22,680 WARN  [restartedMain] org.hibernate.orm.deprecation:HHH90000025: PostgreSQLDialect does not need to be specified explicitly using 'hibernate.dialect' (remove the property setting and it will be selected by default)
2026-01-25 01:19:22,727 INFO  [restartedMain] org.hibernate.engine.transaction.jta.platform.internal.JtaPlatformInitiator:HHH000489: No JTA platform available (set 'hibernate.transaction.jta.platform' to enable JTA platform integration)
2026-01-25 01:19:22,748 INFO  [restartedMain] org.springframework.orm.jpa.LocalContainerEntityManagerFactoryBean:Initialized JPA EntityManagerFactory for persistence unit 'default'
2026-01-25 01:19:22,860 INFO  [restartedMain] org.springframework.security.config.annotation.authentication.configuration.InitializeUserDetailsBeanManagerConfigurer$InitializeUserDetailsManagerConfigurer:Global AuthenticationManager configured with UserDetailsService bean with name userDetailsServiceImpl
2026-01-25 01:19:22,903 WARN  [restartedMain] org.springframework.boot.autoconfigure.orm.jpa.JpaBaseConfiguration$JpaWebConfiguration:spring.jpa.open-in-view is enabled by default. Therefore, database queries may be performed during view rendering. Explicitly configure spring.jpa.open-in-view to disable this warning
2026-01-25 01:19:23,110 INFO  [restartedMain] org.springframework.boot.actuate.endpoint.web.EndpointLinksResolver:Exposing 16 endpoints beneath base path '/actuator'
2026-01-25 01:19:23,350 WARN  [restartedMain] org.springframework.security.config.annotation.web.builders.WebSecurity:You are asking Spring Security to ignore Deferred [Mvc [pattern='/v3/api-docs/**'], Ant [pattern='/v3/api-docs/**']]. This is not recommended -- please use permitAll via HttpSecurity#authorizeHttpRequests instead.
2026-01-25 01:19:23,350 WARN  [restartedMain] org.springframework.security.config.annotation.web.builders.WebSecurity:You are asking Spring Security to ignore Deferred [Mvc [pattern='/swagger-ui/**'], Ant [pattern='/swagger-ui/**']]. This is not recommended -- please use permitAll via HttpSecurity#authorizeHttpRequests instead.
2026-01-25 01:19:23,350 WARN  [restartedMain] org.springframework.security.config.annotation.web.builders.WebSecurity:You are asking Spring Security to ignore Deferred [Mvc [pattern='/'], Ant [pattern='/']]. This is not recommended -- please use permitAll via HttpSecurity#authorizeHttpRequests instead.
2026-01-25 01:19:23,350 WARN  [restartedMain] org.springframework.security.config.annotation.web.builders.WebSecurity:You are asking Spring Security to ignore Deferred [Mvc [pattern='/index.html'], Ant [pattern='/index.html']]. This is not recommended -- please use permitAll via HttpSecurity#authorizeHttpRequests instead.
2026-01-25 01:19:23,350 WARN  [restartedMain] org.springframework.security.config.annotation.web.builders.WebSecurity:You are asking Spring Security to ignore Deferred [Mvc [pattern='/images/**'], Ant [pattern='/images/**']]. This is not recommended -- please use permitAll via HttpSecurity#authorizeHttpRequests instead.
2026-01-25 01:19:23,350 WARN  [restartedMain] org.springframework.security.config.annotation.web.builders.WebSecurity:You are asking Spring Security to ignore Deferred [Mvc [pattern='/css/**'], Ant [pattern='/css/**']]. This is not recommended -- please use permitAll via HttpSecurity#authorizeHttpRequests instead.
2026-01-25 01:19:23,350 WARN  [restartedMain] org.springframework.security.config.annotation.web.builders.WebSecurity:You are asking Spring Security to ignore Deferred [Mvc [pattern='/js/**'], Ant [pattern='/js/**']]. This is not recommended -- please use permitAll via HttpSecurity#authorizeHttpRequests instead.
2026-01-25 01:19:23,368 INFO  [restartedMain] org.springframework.boot.devtools.autoconfigure.OptionalLiveReloadServer:LiveReload server is running on port 35729
2026-01-25 01:19:23,383 INFO  [restartedMain] org.springframework.boot.web.embedded.tomcat.TomcatWebServer:Tomcat started on port 8080 (http) with context path '/'
2026-01-25 01:19:23,390 INFO  [restartedMain] com.visionrent.VisionrentApplication:Started VisionrentApplication in 1.193 seconds (process running for 849.917)
2026-01-25 01:19:23,391 INFO  [restartedMain] org.springframework.boot.devtools.autoconfigure.ConditionEvaluationDeltaLoggingListener:Condition evaluation unchanged
2026-01-25 01:19:24,788 INFO  [File Watcher] org.springframework.boot.devtools.autoconfigure.LocalDevToolsAutoConfiguration$RestartingClassPathChangeChangedEventListener:Restarting due to 1 class path change (1 addition, 0 deletions, 0 modifications)
2026-01-25 01:19:24,843 INFO  [Thread-7] org.springframework.orm.jpa.LocalContainerEntityManagerFactoryBean:Closing JPA EntityManagerFactory for persistence unit 'default'
2026-01-25 01:19:24,844 INFO  [Thread-7] com.zaxxer.hikari.HikariDataSource:HikariPool-2 - Shutdown initiated...
2026-01-25 01:19:24,845 INFO  [Thread-7] com.zaxxer.hikari.HikariDataSource:HikariPool-2 - Shutdown completed.
2026-01-25 01:19:24,888 INFO  [restartedMain] com.visionrent.VisionrentApplication:Starting VisionrentApplication using Java 17.0.12 with PID 18352 (C:\Users\Administrator\visionrent\target\classes started by Administrator in C:\Users\Administrator\visionrent)
2026-01-25 01:19:24,889 INFO  [restartedMain] com.visionrent.VisionrentApplication:No active profile set, falling back to 1 default profile: "default"
2026-01-25 01:19:25,071 INFO  [restartedMain] org.springframework.data.repository.config.RepositoryConfigurationDelegate:Bootstrapping Spring Data JPA repositories in DEFAULT mode.
2026-01-25 01:19:25,083 INFO  [restartedMain] org.springframework.data.repository.config.RepositoryConfigurationDelegate:Finished Spring Data repository scanning in 12 ms. Found 3 JPA repository interfaces.
2026-01-25 01:19:25,175 INFO  [restartedMain] org.springframework.boot.web.embedded.tomcat.TomcatWebServer:Tomcat initialized with port 8080 (http)
2026-01-25 01:19:25,176 INFO  [restartedMain] org.apache.catalina.core.StandardService:Starting service [Tomcat]
2026-01-25 01:19:25,176 INFO  [restartedMain] org.apache.catalina.core.StandardEngine:Starting Servlet engine: [Apache Tomcat/10.1.30]
2026-01-25 01:19:25,188 INFO  [restartedMain] org.apache.catalina.core.ContainerBase.[Tomcat].[localhost].[/]:Initializing Spring embedded WebApplicationContext
2026-01-25 01:19:25,188 INFO  [restartedMain] org.springframework.boot.web.servlet.context.ServletWebServerApplicationContext:Root WebApplicationContext: initialization completed in 298 ms
2026-01-25 01:19:25,265 INFO  [restartedMain] org.hibernate.jpa.internal.util.LogHelper:HHH000204: Processing PersistenceUnitInfo [name: default]
2026-01-25 01:19:25,267 INFO  [restartedMain] org.hibernate.cache.internal.RegionFactoryInitiator:HHH000026: Second-level cache disabled
2026-01-25 01:19:25,271 INFO  [restartedMain] org.springframework.orm.jpa.persistenceunit.SpringPersistenceUnitInfo:No LoadTimeWeaver setup: ignoring JPA class transformer
2026-01-25 01:19:25,271 INFO  [restartedMain] com.zaxxer.hikari.HikariDataSource:HikariPool-3 - Starting...
2026-01-25 01:19:25,301 INFO  [restartedMain] com.zaxxer.hikari.pool.HikariPool:HikariPool-3 - Added connection org.postgresql.jdbc.PgConnection@4cb76207
2026-01-25 01:19:25,301 INFO  [restartedMain] com.zaxxer.hikari.HikariDataSource:HikariPool-3 - Start completed.
2026-01-25 01:19:25,305 WARN  [restartedMain] org.hibernate.orm.deprecation:HHH90000025: PostgreSQLDialect does not need to be specified explicitly using 'hibernate.dialect' (remove the property setting and it will be selected by default)
2026-01-25 01:19:25,351 INFO  [restartedMain] org.hibernate.engine.transaction.jta.platform.internal.JtaPlatformInitiator:HHH000489: No JTA platform available (set 'hibernate.transaction.jta.platform' to enable JTA platform integration)
2026-01-25 01:19:25,371 INFO  [restartedMain] org.springframework.orm.jpa.LocalContainerEntityManagerFactoryBean:Initialized JPA EntityManagerFactory for persistence unit 'default'
2026-01-25 01:19:25,475 INFO  [restartedMain] org.springframework.security.config.annotation.authentication.configuration.InitializeUserDetailsBeanManagerConfigurer$InitializeUserDetailsManagerConfigurer:Global AuthenticationManager configured with UserDetailsService bean with name userDetailsServiceImpl
2026-01-25 01:19:25,514 WARN  [restartedMain] org.springframework.boot.autoconfigure.orm.jpa.JpaBaseConfiguration$JpaWebConfiguration:spring.jpa.open-in-view is enabled by default. Therefore, database queries may be performed during view rendering. Explicitly configure spring.jpa.open-in-view to disable this warning
2026-01-25 01:19:25,709 INFO  [restartedMain] org.springframework.boot.actuate.endpoint.web.EndpointLinksResolver:Exposing 16 endpoints beneath base path '/actuator'
2026-01-25 01:19:25,924 WARN  [restartedMain] org.springframework.security.config.annotation.web.builders.WebSecurity:You are asking Spring Security to ignore Deferred [Mvc [pattern='/v3/api-docs/**'], Ant [pattern='/v3/api-docs/**']]. This is not recommended -- please use permitAll via HttpSecurity#authorizeHttpRequests instead.
2026-01-25 01:19:25,924 WARN  [restartedMain] org.springframework.security.config.annotation.web.builders.WebSecurity:You are asking Spring Security to ignore Deferred [Mvc [pattern='/swagger-ui/**'], Ant [pattern='/swagger-ui/**']]. This is not recommended -- please use permitAll via HttpSecurity#authorizeHttpRequests instead.
2026-01-25 01:19:25,924 WARN  [restartedMain] org.springframework.security.config.annotation.web.builders.WebSecurity:You are asking Spring Security to ignore Deferred [Mvc [pattern='/'], Ant [pattern='/']]. This is not recommended -- please use permitAll via HttpSecurity#authorizeHttpRequests instead.
2026-01-25 01:19:25,924 WARN  [restartedMain] org.springframework.security.config.annotation.web.builders.WebSecurity:You are asking Spring Security to ignore Deferred [Mvc [pattern='/index.html'], Ant [pattern='/index.html']]. This is not recommended -- please use permitAll via HttpSecurity#authorizeHttpRequests instead.
2026-01-25 01:19:25,924 WARN  [restartedMain] org.springframework.security.config.annotation.web.builders.WebSecurity:You are asking Spring Security to ignore Deferred [Mvc [pattern='/images/**'], Ant [pattern='/images/**']]. This is not recommended -- please use permitAll via HttpSecurity#authorizeHttpRequests instead.
2026-01-25 01:19:25,924 WARN  [restartedMain] org.springframework.security.config.annotation.web.builders.WebSecurity:You are asking Spring Security to ignore Deferred [Mvc [pattern='/css/**'], Ant [pattern='/css/**']]. This is not recommended -- please use permitAll via HttpSecurity#authorizeHttpRequests instead.
2026-01-25 01:19:25,924 WARN  [restartedMain] org.springframework.security.config.annotation.web.builders.WebSecurity:You are asking Spring Security to ignore Deferred [Mvc [pattern='/js/**'], Ant [pattern='/js/**']]. This is not recommended -- please use permitAll via HttpSecurity#authorizeHttpRequests instead.
2026-01-25 01:19:25,942 INFO  [restartedMain] org.springframework.boot.devtools.autoconfigure.OptionalLiveReloadServer:LiveReload server is running on port 35729
2026-01-25 01:19:25,955 INFO  [restartedMain] org.springframework.boot.web.embedded.tomcat.TomcatWebServer:Tomcat started on port 8080 (http) with context path '/'
2026-01-25 01:19:25,961 INFO  [restartedMain] com.visionrent.VisionrentApplication:Started VisionrentApplication in 1.087 seconds (process running for 852.488)
2026-01-25 01:19:25,963 INFO  [restartedMain] org.springframework.boot.devtools.autoconfigure.ConditionEvaluationDeltaLoggingListener:Condition evaluation unchanged
2026-01-25 01:20:20,360 INFO  [File Watcher] org.springframework.boot.devtools.autoconfigure.LocalDevToolsAutoConfiguration$RestartingClassPathChangeChangedEventListener:Restarting due to 1 class path change (0 additions, 1 deletion, 0 modifications)
2026-01-25 01:20:20,418 INFO  [Thread-11] org.springframework.orm.jpa.LocalContainerEntityManagerFactoryBean:Closing JPA EntityManagerFactory for persistence unit 'default'
2026-01-25 01:20:20,418 INFO  [Thread-11] com.zaxxer.hikari.HikariDataSource:HikariPool-3 - Shutdown initiated...
2026-01-25 01:20:20,420 INFO  [Thread-11] com.zaxxer.hikari.HikariDataSource:HikariPool-3 - Shutdown completed.
2026-01-25 01:20:20,461 INFO  [restartedMain] com.visionrent.VisionrentApplication:Starting VisionrentApplication using Java 17.0.12 with PID 18352 (C:\Users\Administrator\visionrent\target\classes started by Administrator in C:\Users\Administrator\visionrent)
2026-01-25 01:20:20,461 INFO  [restartedMain] com.visionrent.VisionrentApplication:No active profile set, falling back to 1 default profile: "default"
2026-01-25 01:20:20,652 INFO  [restartedMain] org.springframework.data.repository.config.RepositoryConfigurationDelegate:Bootstrapping Spring Data JPA repositories in DEFAULT mode.
2026-01-25 01:20:20,663 INFO  [restartedMain] org.springframework.data.repository.config.RepositoryConfigurationDelegate:Finished Spring Data repository scanning in 11 ms. Found 3 JPA repository interfaces.
2026-01-25 01:20:20,761 INFO  [restartedMain] org.springframework.boot.web.embedded.tomcat.TomcatWebServer:Tomcat initialized with port 8080 (http)
2026-01-25 01:20:20,762 INFO  [restartedMain] org.apache.catalina.core.StandardService:Starting service [Tomcat]
2026-01-25 01:20:20,762 INFO  [restartedMain] org.apache.catalina.core.StandardEngine:Starting Servlet engine: [Apache Tomcat/10.1.30]
2026-01-25 01:20:20,775 INFO  [restartedMain] org.apache.catalina.core.ContainerBase.[Tomcat].[localhost].[/]:Initializing Spring embedded WebApplicationContext
2026-01-25 01:20:20,775 INFO  [restartedMain] org.springframework.boot.web.servlet.context.ServletWebServerApplicationContext:Root WebApplicationContext: initialization completed in 313 ms
2026-01-25 01:20:20,850 INFO  [restartedMain] org.hibernate.jpa.internal.util.LogHelper:HHH000204: Processing PersistenceUnitInfo [name: default]
2026-01-25 01:20:20,852 INFO  [restartedMain] org.hibernate.cache.internal.RegionFactoryInitiator:HHH000026: Second-level cache disabled
2026-01-25 01:20:20,857 INFO  [restartedMain] org.springframework.orm.jpa.persistenceunit.SpringPersistenceUnitInfo:No LoadTimeWeaver setup: ignoring JPA class transformer
2026-01-25 01:20:20,858 INFO  [restartedMain] com.zaxxer.hikari.HikariDataSource:HikariPool-4 - Starting...
2026-01-25 01:20:20,884 INFO  [restartedMain] com.zaxxer.hikari.pool.HikariPool:HikariPool-4 - Added connection org.postgresql.jdbc.PgConnection@221c44e8
2026-01-25 01:20:20,884 INFO  [restartedMain] com.zaxxer.hikari.HikariDataSource:HikariPool-4 - Start completed.
2026-01-25 01:20:20,889 WARN  [restartedMain] org.hibernate.orm.deprecation:HHH90000025: PostgreSQLDialect does not need to be specified explicitly using 'hibernate.dialect' (remove the property setting and it will be selected by default)
2026-01-25 01:20:20,932 INFO  [restartedMain] org.hibernate.engine.transaction.jta.platform.internal.JtaPlatformInitiator:HHH000489: No JTA platform available (set 'hibernate.transaction.jta.platform' to enable JTA platform integration)
2026-01-25 01:20:20,950 INFO  [restartedMain] org.springframework.orm.jpa.LocalContainerEntityManagerFactoryBean:Initialized JPA EntityManagerFactory for persistence unit 'default'
2026-01-25 01:20:21,051 INFO  [restartedMain] org.springframework.security.config.annotation.authentication.configuration.InitializeUserDetailsBeanManagerConfigurer$InitializeUserDetailsManagerConfigurer:Global AuthenticationManager configured with UserDetailsService bean with name userDetailsServiceImpl
2026-01-25 01:20:21,085 WARN  [restartedMain] org.springframework.boot.autoconfigure.orm.jpa.JpaBaseConfiguration$JpaWebConfiguration:spring.jpa.open-in-view is enabled by default. Therefore, database queries may be performed during view rendering. Explicitly configure spring.jpa.open-in-view to disable this warning
2026-01-25 01:20:21,275 INFO  [restartedMain] org.springframework.boot.actuate.endpoint.web.EndpointLinksResolver:Exposing 16 endpoints beneath base path '/actuator'
2026-01-25 01:20:21,489 WARN  [restartedMain] org.springframework.security.config.annotation.web.builders.WebSecurity:You are asking Spring Security to ignore Deferred [Mvc [pattern='/v3/api-docs/**'], Ant [pattern='/v3/api-docs/**']]. This is not recommended -- please use permitAll via HttpSecurity#authorizeHttpRequests instead.
2026-01-25 01:20:21,489 WARN  [restartedMain] org.springframework.security.config.annotation.web.builders.WebSecurity:You are asking Spring Security to ignore Deferred [Mvc [pattern='/swagger-ui/**'], Ant [pattern='/swagger-ui/**']]. This is not recommended -- please use permitAll via HttpSecurity#authorizeHttpRequests instead.
2026-01-25 01:20:21,489 WARN  [restartedMain] org.springframework.security.config.annotation.web.builders.WebSecurity:You are asking Spring Security to ignore Deferred [Mvc [pattern='/'], Ant [pattern='/']]. This is not recommended -- please use permitAll via HttpSecurity#authorizeHttpRequests instead.
2026-01-25 01:20:21,489 WARN  [restartedMain] org.springframework.security.config.annotation.web.builders.WebSecurity:You are asking Spring Security to ignore Deferred [Mvc [pattern='/index.html'], Ant [pattern='/index.html']]. This is not recommended -- please use permitAll via HttpSecurity#authorizeHttpRequests instead.
2026-01-25 01:20:21,489 WARN  [restartedMain] org.springframework.security.config.annotation.web.builders.WebSecurity:You are asking Spring Security to ignore Deferred [Mvc [pattern='/images/**'], Ant [pattern='/images/**']]. This is not recommended -- please use permitAll via HttpSecurity#authorizeHttpRequests instead.
2026-01-25 01:20:21,489 WARN  [restartedMain] org.springframework.security.config.annotation.web.builders.WebSecurity:You are asking Spring Security to ignore Deferred [Mvc [pattern='/css/**'], Ant [pattern='/css/**']]. This is not recommended -- please use permitAll via HttpSecurity#authorizeHttpRequests instead.
2026-01-25 01:20:21,489 WARN  [restartedMain] org.springframework.security.config.annotation.web.builders.WebSecurity:You are asking Spring Security to ignore Deferred [Mvc [pattern='/js/**'], Ant [pattern='/js/**']]. This is not recommended -- please use permitAll via HttpSecurity#authorizeHttpRequests instead.
2026-01-25 01:20:21,508 INFO  [restartedMain] org.springframework.boot.devtools.autoconfigure.OptionalLiveReloadServer:LiveReload server is running on port 35729
2026-01-25 01:20:21,522 INFO  [restartedMain] org.springframework.boot.web.embedded.tomcat.TomcatWebServer:Tomcat started on port 8080 (http) with context path '/'
2026-01-25 01:20:21,528 INFO  [restartedMain] com.visionrent.VisionrentApplication:Started VisionrentApplication in 1.082 seconds (process running for 908.055)
2026-01-25 01:20:21,528 INFO  [restartedMain] org.springframework.boot.devtools.autoconfigure.ConditionEvaluationDeltaLoggingListener:Condition evaluation unchanged
2026-01-25 01:20:23,508 INFO  [SpringApplicationShutdownHook] org.springframework.orm.jpa.LocalContainerEntityManagerFactoryBean:Closing JPA EntityManagerFactory for persistence unit 'default'
2026-01-25 01:20:23,509 INFO  [SpringApplicationShutdownHook] com.zaxxer.hikari.HikariDataSource:HikariPool-4 - Shutdown initiated...
2026-01-25 01:20:23,510 INFO  [SpringApplicationShutdownHook] com.zaxxer.hikari.HikariDataSource:HikariPool-4 - Shutdown completed.
